DEBUG: [mainThread] Instantiating server...
DEBUG: [mainThread] Instantiating Server thread...
DEBUG: [mainThread] Instantiating Parser thread...
DEBUG: [parserThread] Waiting for queue data...
DEBUG: [mainThread] Opening logfile /home/rmandic/Github/isc-stats/example.log
INFO: Monitoring file /home/rmandic/Github/isc-stats/example.log with inode of 4980806
INFO: Listening on 127.0.0.1 port 8080
DEBUG: [parserThread] Stats dict: {'ack': 0, 'nak': 0, 'request': 0, 'discover': 0, 'offer': 0}
DEBUG: [parserThread] Waiting for queue data...
DEBUG: [parserThread] Stats dict: {'ack': 0, 'nak': 0, 'request': 0, 'discover': 0, 'offer': 0}
DEBUG: [parserThread] Waiting for queue data...
DEBUG: [parserThread] Stats dict: {'ack': 0, 'nak': 0, 'request': 0, 'discover': 0, 'offer': 0}
DEBUG: [parserThread] Waiting for queue data...
DEBUG: [parserThread] Stats dict: {'ack': 0, 'nak': 0, 'request': 0, 'discover': 0, 'offer': 0}
DEBUG: [parserThread] Waiting for queue data...
DEBUG: [parserThread] Stats dict: {'ack': 0, 'nak': 0, 'request': 0, 'discover': 0, 'offer': 0}
DEBUG: [parserThread] Waiting for queue data...
DEBUG: [parserThread] Stats dict: {'ack': 0, 'nak': 0, 'request': 0, 'discover': 0, 'offer': 0}
DEBUG: [parserThread] Waiting for queue data...
DEBUG: [parserThread] Stats dict: {'ack': 0, 'nak': 0, 'request': 0, 'discover': 0, 'offer': 0}
DEBUG: [parserThread] Waiting for queue data...
DEBUG: [parserThread] Stats dict: {'ack': 0, 'nak': 0, 'request': 0, 'discover': 0, 'offer': 0}
DEBUG: [parserThread] Waiting for queue data...
DEBUG: [parserThread] Stats dict: {'ack': 0, 'nak': 0, 'request': 0, 'discover': 0, 'offer': 0}
DEBUG: [parserThread] Waiting for queue data...
DEBUG: [parserThread] Stats dict: {'ack': 0, 'nak': 0, 'request': 0, 'discover': 0, 'offer': 0}
DEBUG: [parserThread] Waiting for queue data...
DEBUG: [parserThread] Stats dict: {'ack': 0, 'nak': 0, 'request': 0, 'discover': 0, 'offer': 0}
DEBUG: [parserThread] Waiting for queue data...
DEBUG: [parserThread] Stats dict: {'ack': 0, 'nak': 0, 'request': 0, 'discover': 100, 'offer': 0}
DEBUG: [parserThread] Waiting for queue data...
DEBUG: [parserThread] Stats dict: {'ack': 0, 'nak': 0, 'request': 0, 'discover': 100, 'offer': 0}
DEBUG: [parserThread] Waiting for queue data...
DEBUG: [parserThread] Stats dict: {'ack': 0, 'nak': 0, 'request': 0, 'discover': 100, 'offer': 0}
DEBUG: [parserThread] Waiting for queue data...
DEBUG: [parserThread] Stats dict: {'ack': 0, 'nak': 0, 'request': 0, 'discover': 100, 'offer': 0}
DEBUG: [parserThread] Waiting for queue data...
DEBUG: [parserThread] Stats dict: {'ack': 0, 'nak': 0, 'request': 0, 'discover': 100, 'offer': 0}
DEBUG: [parserThread] Waiting for queue data...
DEBUG: [parserThread] Stats dict: {'ack': 0, 'nak': 0, 'request': 0, 'discover': 100, 'offer': 0}
DEBUG: [parserThread] Waiting for queue data...
DEBUG: [parserThread] Stats dict: {'ack': 0, 'nak': 0, 'request': 0, 'discover': 100, 'offer': 0}
DEBUG: [parserThread] Waiting for queue data...
DEBUG: [parserThread] Stats dict: {'ack': 0, 'nak': 0, 'request': 0, 'discover': 100, 'offer': 0}
DEBUG: [parserThread] Waiting for queue data...
DEBUG: [parserThread] Stats dict: {'ack': 0, 'nak': 0, 'request': 0, 'discover': 100, 'offer': 0}
DEBUG: [parserThread] Waiting for queue data...
DEBUG: [parserThread] Stats dict: {'ack': 0, 'nak': 0, 'request': 0, 'discover': 100, 'offer': 0}
DEBUG: [parserThread] Waiting for queue data...
DEBUG: [parserThread] Stats dict: {'ack': 0, 'nak': 0, 'request': 0, 'discover': 100, 'offer': 0}
DEBUG: [parserThread] Waiting for queue data...
DEBUG: [parserThread] Stats dict: {'ack': 0, 'nak': 0, 'request': 0, 'discover': 100, 'offer': 0}
DEBUG: [parserThread] Waiting for queue data...
DEBUG: [parserThread] Stats dict: {'ack': 0, 'nak': 0, 'request': 0, 'discover': 100, 'offer': 0}
DEBUG: [parserThread] Waiting for queue data...
DEBUG: [parserThread] Stats dict: {'ack': 0, 'nak': 0, 'request': 0, 'discover': 100, 'offer': 0}
DEBUG: [parserThread] Waiting for queue data...
DEBUG: [parserThread] Stats dict: {'ack': 0, 'nak': 0, 'request': 0, 'discover': 100, 'offer': 0}
DEBUG: [parserThread] Waiting for queue data...
DEBUG: [parserThread] Stats dict: {'ack': 234, 'nak': 0, 'request': 0, 'discover': 100, 'offer': 0}
DEBUG: [parserThread] Waiting for queue data...
DEBUG: [parserThread] Stats dict: {'ack': 234, 'nak': 0, 'request': 0, 'discover': 100, 'offer': 0}
DEBUG: [parserThread] Waiting for queue data...
DEBUG: [parserThread] Stats dict: {'ack': 234, 'nak': 0, 'request': 0, 'discover': 100, 'offer': 0}
DEBUG: [parserThread] Waiting for queue data...
DEBUG: [parserThread] Stats dict: {'ack': 234, 'nak': 0, 'request': 0, 'discover': 100, 'offer': 0}
DEBUG: [parserThread] Waiting for queue data...
DEBUG: [parserThread] Stats dict: {'ack': 234, 'nak': 0, 'request': 0, 'discover': 100, 'offer': 0}
DEBUG: [parserThread] Waiting for queue data...
DEBUG: [parserThread] Stats dict: {'ack': 234, 'nak': 0, 'request': 0, 'discover': 100, 'offer': 0}
DEBUG: [parserThread] Waiting for queue data...
DEBUG: [parserThread] Stats dict: {'ack': 234, 'nak': 0, 'request': 0, 'discover': 100, 'offer': 0}
DEBUG: [parserThread] Waiting for queue data...
DEBUG: [parserThread] Stats dict: {'ack': 234, 'nak': 0, 'request': 0, 'discover': 100, 'offer': 0}
DEBUG: [parserThread] Waiting for queue data...
DEBUG: [parserThread] Stats dict: {'ack': 234, 'nak': 0, 'request': 0, 'discover': 100, 'offer': 0}
DEBUG: [parserThread] Waiting for queue data...
INFO: Inode change for /home/rmandic/Github/isc-stats/example.log: 4980806 => 4980759. Reopening file...
DEBUG: [parserThread] Stats dict: {'ack': 234, 'nak': 0, 'request': 0, 'discover': 100, 'offer': 0}
DEBUG: [parserThread] Waiting for queue data...
DEBUG: [parserThread] Stats dict: {'ack': 234, 'nak': 0, 'request': 0, 'discover': 100, 'offer': 0}
DEBUG: [parserThread] Waiting for queue data...
DEBUG: [parserThread] Stats dict: {'ack': 234, 'nak': 0, 'request': 0, 'discover': 100, 'offer': 0}
DEBUG: [parserThread] Waiting for queue data...
DEBUG: [parserThread] Stats dict: {'ack': 234, 'nak': 0, 'request': 0, 'discover': 100, 'offer': 0}
DEBUG: [parserThread] Waiting for queue data...
DEBUG: [parserThread] Stats dict: {'ack': 234, 'nak': 0, 'request': 0, 'discover': 100, 'offer': 0}
DEBUG: [parserThread] Waiting for queue data...
DEBUG: [parserThread] Stats dict: {'ack': 234, 'nak': 0, 'request': 0, 'discover': 100, 'offer': 0}
DEBUG: [parserThread] Waiting for queue data...
DEBUG: [parserThread] Stats dict: {'ack': 234, 'nak': 0, 'request': 0, 'discover': 100, 'offer': 0}
DEBUG: [parserThread] Waiting for queue data...
DEBUG: [parserThread] Stats dict: {'ack': 234, 'nak': 0, 'request': 0, 'discover': 100, 'offer': 0}
DEBUG: [parserThread] Waiting for queue data...
DEBUG: [parserThread] Stats dict: {'ack': 234, 'nak': 0, 'request': 0, 'discover': 100, 'offer': 0}
DEBUG: [parserThread] Waiting for queue data...
DEBUG: [parserThread] Stats dict: {'ack': 234, 'nak': 0, 'request': 0, 'discover': 100, 'offer': 0}
DEBUG: [parserThread] Waiting for queue data...
DEBUG: [parserThread] Stats dict: {'ack': 234, 'nak': 0, 'request': 0, 'discover': 100, 'offer': 0}
INFO: Shutting due to signal 15
DEBUG: [parserThread] Waiting for queue data...
DEBUG: [serverThread] Thread exiting on demand
DEBUG: [mainThread] Shutting down server thread
DEBUG: [parserThread] Stats dict: {'ack': 234, 'nak': 0, 'request': 0, 'discover': 100, 'offer': 0}
DEBUG: [parserThread] Thread exiting on demand
DEBUG: [serverThread] Thread exiting on demand
DEBUG: [mainThread] Shutting down parser thread
DEBUG: [mainThread] Closing log filehandle
DEBUG: [mainThread] Instantiating server...
DEBUG: [mainThread] Instantiating Server thread...
DEBUG: [mainThread] Instantiating Parser thread...
DEBUG: [parserThread] Waiting for queue data...
DEBUG: [mainThread] Opening logfile /home/rmandic/Github/isc-stats/example.log
INFO: Monitoring file /home/rmandic/Github/isc-stats/example.log with inode of 4980759
INFO: Listening on 127.0.0.1 port 8080
DEBUG: [parserThread] Stats dict: {'ack': 0, 'nak': 0, 'request': 0, 'discover': 0, 'offer': 0}
DEBUG: [parserThread] Waiting for queue data...
DEBUG: [parserThread] Stats dict: {'ack': 0, 'nak': 0, 'request': 0, 'discover': 0, 'offer': 0}
DEBUG: [parserThread] Waiting for queue data...
DEBUG: [parserThread] Stats dict: {'ack': 0, 'nak': 0, 'request': 0, 'discover': 0, 'offer': 0}
DEBUG: [parserThread] Waiting for queue data...
DEBUG: [parserThread] Stats dict: {'ack': 0, 'nak': 0, 'request': 0, 'discover': 0, 'offer': 0}
DEBUG: [parserThread] Waiting for queue data...
DEBUG: [parserThread] Stats dict: {'ack': 0, 'nak': 0, 'request': 0, 'discover': 0, 'offer': 0}
DEBUG: [parserThread] Waiting for queue data...
DEBUG: [parserThread] Stats dict: {'ack': 0, 'nak': 0, 'request': 0, 'discover': 0, 'offer': 0}
DEBUG: [parserThread] Waiting for queue data...
DEBUG: [parserThread] Stats dict: {'ack': 234, 'nak': 0, 'request': 0, 'discover': 0, 'offer': 0}
DEBUG: [parserThread] Waiting for queue data...
DEBUG: [parserThread] Stats dict: {'ack': 234, 'nak': 0, 'request': 0, 'discover': 0, 'offer': 0}
DEBUG: [parserThread] Waiting for queue data...
DEBUG: [parserThread] Stats dict: {'ack': 234, 'nak': 0, 'request': 0, 'discover': 0, 'offer': 0}
DEBUG: [parserThread] Waiting for queue data...
DEBUG: [parserThread] Stats dict: {'ack': 234, 'nak': 0, 'request': 0, 'discover': 0, 'offer': 0}
DEBUG: [parserThread] Waiting for queue data...
DEBUG: [parserThread] Stats dict: {'ack': 234, 'nak': 0, 'request': 0, 'discover': 0, 'offer': 0}
INFO: Inode change for /home/rmandic/Github/isc-stats/example.log: 4980759 => 4980803. Reopening file...
DEBUG: [parserThread] Waiting for queue data...
DEBUG: [parserThread] Stats dict: {'ack': 234, 'nak': 0, 'request': 0, 'discover': 0, 'offer': 0}
DEBUG: [parserThread] Waiting for queue data...
DEBUG: [parserThread] Stats dict: {'ack': 234, 'nak': 0, 'request': 0, 'discover': 0, 'offer': 0}
DEBUG: [parserThread] Waiting for queue data...
DEBUG: [parserThread] Stats dict: {'ack': 234, 'nak': 0, 'request': 0, 'discover': 0, 'offer': 0}
DEBUG: [parserThread] Waiting for queue data...
DEBUG: [parserThread] Stats dict: {'ack': 234, 'nak': 0, 'request': 0, 'discover': 0, 'offer': 0}
DEBUG: [parserThread] Waiting for queue data...
DEBUG: [parserThread] Stats dict: {'ack': 468, 'nak': 0, 'request': 0, 'discover': 0, 'offer': 0}
DEBUG: [parserThread] Waiting for queue data...
DEBUG: [parserThread] Stats dict: {'ack': 468, 'nak': 0, 'request': 0, 'discover': 0, 'offer': 0}
DEBUG: [parserThread] Waiting for queue data...
DEBUG: [parserThread] Stats dict: {'ack': 468, 'nak': 0, 'request': 0, 'discover': 0, 'offer': 0}
DEBUG: [parserThread] Waiting for queue data...
DEBUG: [parserThread] Stats dict: {'ack': 468, 'nak': 0, 'request': 0, 'discover': 0, 'offer': 0}
DEBUG: [parserThread] Waiting for queue data...
DEBUG: [parserThread] Stats dict: {'ack': 468, 'nak': 0, 'request': 0, 'discover': 0, 'offer': 0}
DEBUG: [parserThread] Waiting for queue data...
DEBUG: [parserThread] Stats dict: {'ack': 468, 'nak': 0, 'request': 0, 'discover': 0, 'offer': 0}
DEBUG: [parserThread] Waiting for queue data...
DEBUG: [parserThread] Stats dict: {'ack': 468, 'nak': 0, 'request': 0, 'discover': 0, 'offer': 0}
DEBUG: [parserThread] Waiting for queue data...
DEBUG: [parserThread] Stats dict: {'ack': 468, 'nak': 0, 'request': 0, 'discover': 0, 'offer': 0}
DEBUG: [parserThread] Waiting for queue data...
DEBUG: [parserThread] Stats dict: {'ack': 468, 'nak': 0, 'request': 0, 'discover': 0, 'offer': 0}
DEBUG: [parserThread] Waiting for queue data...
INFO: Shutting due to signal 15
DEBUG: [serverThread] Thread exiting on demand
DEBUG: [mainThread] Shutting down server thread
DEBUG: [parserThread] Stats dict: {'ack': 468, 'nak': 0, 'request': 0, 'discover': 0, 'offer': 0}
DEBUG: [serverThread] Thread exiting on demand
DEBUG: [parserThread] Thread exiting on demand
DEBUG: [mainThread] Shutting down parser thread
DEBUG: [mainThread] Closing log filehandle
